<?xml version="1.0" encoding="UTF-8" ?>
<testsuite tests="11" failures="0" name="ru.job4j.collection.DeleteFirstLinkedTest" time="0.002" errors="0" skipped="0">
  <properties>
    <property name="java.runtime.name" value="Java(TM) SE Runtime Environment"/>
    <property name="java.vm.version" value="14.0.1+7"/>
    <property name="sun.boot.library.path" value="C:\Program Files\Java\jdk-14.0.1\bin"/>
    <property name="maven.multiModuleProjectDirectory" value="c:\projects\job4j_design"/>
    <property name="java.vm.vendor" value="Oracle Corporation"/>
    <property name="java.vendor.url" value="https://java.oracle.com/"/>
    <property name="guice.disable.misplaced.annotation.check" value="true"/>
    <property name="path.separator" value=";"/>
    <property name="java.vm.name" value="Java HotSpot(TM) 64-Bit Server VM"/>
    <property name="sun.os.patch.level" value=""/>
    <property name="user.script" value=""/>
    <property name="user.country" value="RU"/>
    <property name="sun.java.launcher" value="SUN_STANDARD"/>
    <property name="java.vm.specification.name" value="Java Virtual Machine Specification"/>
    <property name="user.dir" value="c:\projects\job4j_design"/>
    <property name="java.vm.compressedOopsMode" value="32-bit"/>
    <property name="java.runtime.version" value="14.0.1+7"/>
    <property name="os.arch" value="amd64"/>
    <property name="java.io.tmpdir" value="C:\Users\es\AppData\Local\Temp\"/>
    <property name="line.separator" value="
"/>
    <property name="java.vm.specification.vendor" value="Oracle Corporation"/>
    <property name="user.variant" value=""/>
    <property name="os.name" value="Windows 10"/>
    <property name="classworlds.conf" value="C:\Tools\apache-maven-3.6.3\bin\..\bin\m2.conf"/>
    <property name="sun.jnu.encoding" value="Cp1251"/>
    <property name="java.library.path" value="C:\Program Files\Java\jdk-14.0.1\bin;C:\Windows\Sun\Java\bin;C:\Windows\system32;C:\Windows;C:\Windows\system32;C:\Windows;C:\Windows\System32\Wbem;C:\Windows\System32\WindowsPowerShell\v1.0\;C:\Windows\System32\OpenSSH\;C:\Program Files\Java\jdk-14.0.1\\bin;C:\Tools\apache-maven-3.6.3\\bin;C:\Users\es\AppData\Local\Programs\Git\cmd;."/>
    <property name="maven.conf" value="C:\Tools\apache-maven-3.6.3\bin\../conf"/>
    <property name="jdk.debug" value="release"/>
    <property name="java.class.version" value="58.0"/>
    <property name="java.specification.name" value="Java Platform API Specification"/>
    <property name="sun.management.compiler" value="HotSpot 64-Bit Tiered Compilers"/>
    <property name="os.version" value="10.0"/>
    <property name="library.jansi.path" value="C:\Tools\apache-maven-3.6.3\bin\..\lib\jansi-native"/>
    <property name="user.home" value="C:\Users\es"/>
    <property name="user.timezone" value="Asia/Yekaterinburg"/>
    <property name="file.encoding" value="Cp1251"/>
    <property name="java.specification.version" value="14"/>
    <property name="user.name" value="es"/>
    <property name="java.class.path" value="C:\Tools\apache-maven-3.6.3\bin\..\boot\plexus-classworlds-2.6.0.jar"/>
    <property name="java.vm.specification.version" value="14"/>
    <property name="sun.arch.data.model" value="64"/>
    <property name="sun.java.command" value="org.codehaus.plexus.classworlds.launcher.Launcher package"/>
    <property name="java.home" value="C:\Program Files\Java\jdk-14.0.1"/>
    <property name="user.language" value="ru"/>
    <property name="java.specification.vendor" value="Oracle Corporation"/>
    <property name="java.vm.info" value="mixed mode, sharing"/>
    <property name="java.version" value="14.0.1"/>
    <property name="java.vendor" value="Oracle Corporation"/>
    <property name="sun.stderr.encoding" value="cp866"/>
    <property name="maven.home" value="C:\Tools\apache-maven-3.6.3\bin\.."/>
    <property name="file.separator" value="\"/>
    <property name="java.version.date" value="2020-04-14"/>
    <property name="java.vendor.url.bug" value="https://bugreport.java.com/bugreport/"/>
    <property name="sun.io.unicode.encoding" value="UnicodeLittle"/>
    <property name="sun.cpu.endian" value="little"/>
    <property name="sun.stdout.encoding" value="cp866"/>
    <property name="sun.cpu.isalist" value="amd64"/>
  </properties>
  <testcase classname="ru.job4j.collection.DeleteFirstLinkedTest" name="whenSingleAddThenRightLastDel" time="0"/>
  <testcase classname="ru.job4j.collection.DeleteFirstLinkedTest" name="whenDeleteEmptyLinked" time="0"/>
  <testcase classname="ru.job4j.collection.DeleteFirstLinkedTest" name="whenFullEmptyThenIsEmpty" time="0"/>
  <testcase classname="ru.job4j.collection.DeleteFirstLinkedTest" name="whenDeleteLastThenNSEException" time="0"/>
  <testcase classname="ru.job4j.collection.DeleteFirstLinkedTest" name="when3Add2DeleteThenNotEmpty" time="0"/>
  <testcase classname="ru.job4j.collection.DeleteFirstLinkedTest" name="whenDeleteFirst" time="0.001"/>
  <testcase classname="ru.job4j.collection.DeleteFirstLinkedTest" name="whenFindLastThenLast" time="0.001"/>
  <testcase classname="ru.job4j.collection.DeleteFirstLinkedTest" name="whenEmptyThenIsEmpty" time="0"/>
  <testcase classname="ru.job4j.collection.DeleteFirstLinkedTest" name="whenMultiDelete" time="0"/>
  <testcase classname="ru.job4j.collection.DeleteFirstLinkedTest" name="whenDelLastThenRightResult" time="0"/>
  <testcase classname="ru.job4j.collection.DeleteFirstLinkedTest" name="whenFirstDelThenRightResult" time="0"/>
</testsuite>